<?xml version="1.0" encoding="UTF-8"?>
<testsuite xmlns:xsi="http://www.w3.org/2001/XMLSchema-instance" xsi:noNamespaceSchemaLocation="https://maven.apache.org/surefire/maven-surefire-plugin/xsd/surefire-test-report-3.0.xsd" version="3.0" name="com.raby.citybot.controller.CityInfoControllerTest" time="1.554" tests="2" errors="0" skipped="0" failures="0">
  <properties>
    <property name="java.specification.version" value="16"/>
    <property name="sun.cpu.isalist" value="amd64"/>
    <property name="sun.jnu.encoding" value="Cp1251"/>
    <property name="java.class.path" value="C:\Users\alex\IdeaProjects\bot\target\test-classes;C:\Users\alex\IdeaProjects\bot\target\classes;C:\Users\alex\.m2\repository\org\telegram\telegrambots\4.9.1\telegrambots-4.9.1.jar;C:\Users\alex\.m2\repository\com\fasterxml\jackson\core\jackson-annotations\2.10.1\jackson-annotations-2.10.1.jar;C:\Users\alex\.m2\repository\com\fasterxml\jackson\jaxrs\jackson-jaxrs-json-provider\2.10.1\jackson-jaxrs-json-provider-2.10.1.jar;C:\Users\alex\.m2\repository\com\fasterxml\jackson\jaxrs\jackson-jaxrs-base\2.10.1\jackson-jaxrs-base-2.10.1.jar;C:\Users\alex\.m2\repository\com\fasterxml\jackson\module\jackson-module-jaxb-annotations\2.10.1\jackson-module-jaxb-annotations-2.10.1.jar;C:\Users\alex\.m2\repository\com\fasterxml\jackson\core\jackson-core\2.10.1\jackson-core-2.10.1.jar;C:\Users\alex\.m2\repository\jakarta\activation\jakarta.activation-api\1.2.1\jakarta.activation-api-1.2.1.jar;C:\Users\alex\.m2\repository\com\fasterxml\jackson\core\jackson-databind\2.10.1\jackson-databind-2.10.1.jar;C:\Users\alex\.m2\repository\org\glassfish\jersey\inject\jersey-hk2\2.29.1\jersey-hk2-2.29.1.jar;C:\Users\alex\.m2\repository\org\glassfish\jersey\core\jersey-common\2.29.1\jersey-common-2.29.1.jar;C:\Users\alex\.m2\repository\org\glassfish\hk2\osgi-resource-locator\1.0.3\osgi-resource-locator-1.0.3.jar;C:\Users\alex\.m2\repository\com\sun\activation\jakarta.activation\1.2.1\jakarta.activation-1.2.1.jar;C:\Users\alex\.m2\repository\org\glassfish\hk2\hk2-locator\2.6.1\hk2-locator-2.6.1.jar;C:\Users\alex\.m2\repository\org\glassfish\hk2\external\aopalliance-repackaged\2.6.1\aopalliance-repackaged-2.6.1.jar;C:\Users\alex\.m2\repository\org\glassfish\hk2\hk2-api\2.6.1\hk2-api-2.6.1.jar;C:\Users\alex\.m2\repository\org\glassfish\hk2\hk2-utils\2.6.1\hk2-utils-2.6.1.jar;C:\Users\alex\.m2\repository\org\glassfish\jersey\media\jersey-media-json-jackson\2.29.1\jersey-media-json-jackson-2.29.1.jar;C:\Users\alex\.m2\repository\org\glassfish\jersey\ext\jersey-entity-filtering\2.29.1\jersey-entity-filtering-2.29.1.jar;C:\Users\alex\.m2\repository\org\glassfish\jersey\containers\jersey-container-grizzly2-http\2.29.1\jersey-container-grizzly2-http-2.29.1.jar;C:\Users\alex\.m2\repository\org\glassfish\hk2\external\jakarta.inject\2.6.1\jakarta.inject-2.6.1.jar;C:\Users\alex\.m2\repository\org\glassfish\grizzly\grizzly-http-server\2.4.4\grizzly-http-server-2.4.4.jar;C:\Users\alex\.m2\repository\org\glassfish\grizzly\grizzly-http\2.4.4\grizzly-http-2.4.4.jar;C:\Users\alex\.m2\repository\org\glassfish\grizzly\grizzly-framework\2.4.4\grizzly-framework-2.4.4.jar;C:\Users\alex\.m2\repository\jakarta\ws\rs\jakarta.ws.rs-api\2.1.6\jakarta.ws.rs-api-2.1.6.jar;C:\Users\alex\.m2\repository\org\glassfish\jersey\core\jersey-server\2.29.1\jersey-server-2.29.1.jar;C:\Users\alex\.m2\repository\org\glassfish\jersey\core\jersey-client\2.29.1\jersey-client-2.29.1.jar;C:\Users\alex\.m2\repository\org\glassfish\jersey\media\jersey-media-jaxb\2.29.1\jersey-media-jaxb-2.29.1.jar;C:\Users\alex\.m2\repository\jakarta\annotation\jakarta.annotation-api\1.3.5\jakarta.annotation-api-1.3.5.jar;C:\Users\alex\.m2\repository\jakarta\validation\jakarta.validation-api\2.0.2\jakarta.validation-api-2.0.2.jar;C:\Users\alex\.m2\repository\org\json\json\20180813\json-20180813.jar;C:\Users\alex\.m2\repository\org\apache\httpcomponents\httpclient\4.5.10\httpclient-4.5.10.jar;C:\Users\alex\.m2\repository\org\apache\httpcomponents\httpcore\4.4.12\httpcore-4.4.12.jar;C:\Users\alex\.m2\repository\commons-logging\commons-logging\1.2\commons-logging-1.2.jar;C:\Users\alex\.m2\repository\commons-codec\commons-codec\1.11\commons-codec-1.11.jar;C:\Users\alex\.m2\repository\org\apache\httpcomponents\httpmime\4.5.10\httpmime-4.5.10.jar;C:\Users\alex\.m2\repository\commons-io\commons-io\2.6\commons-io-2.6.jar;C:\Users\alex\.m2\repository\org\slf4j\slf4j-api\1.7.29\slf4j-api-1.7.29.jar;C:\Users\alex\.m2\repository\org\telegram\telegrambots-meta\4.9.1\telegrambots-meta-4.9.1.jar;C:\Users\alex\.m2\repository\com\google\inject\guice\4.2.2\guice-4.2.2.jar;C:\Users\alex\.m2\repository\javax\inject\javax.inject\1\javax.inject-1.jar;C:\Users\alex\.m2\repository\aopalliance\aopalliance\1.0\aopalliance-1.0.jar;C:\Users\alex\.m2\repository\com\google\guava\guava\28.1-jre\guava-28.1-jre.jar;C:\Users\alex\.m2\repository\com\google\guava\failureaccess\1.0.1\failureaccess-1.0.1.jar;C:\Users\alex\.m2\repository\com\google\guava\listenablefuture\9999.0-empty-to-avoid-conflict-with-guava\listenablefuture-9999.0-empty-to-avoid-conflict-with-guava.jar;C:\Users\alex\.m2\repository\com\google\code\findbugs\jsr305\3.0.2\jsr305-3.0.2.jar;C:\Users\alex\.m2\repository\com\google\errorprone\error_prone_annotations\2.3.2\error_prone_annotations-2.3.2.jar;C:\Users\alex\.m2\repository\com\google\j2objc\j2objc-annotations\1.3\j2objc-annotations-1.3.jar;C:\Users\alex\.m2\repository\org\codehaus\mojo\animal-sniffer-annotations\1.18\animal-sniffer-annotations-1.18.jar;C:\Users\alex\.m2\repository\org\apache\maven\plugins\maven-war-plugin\3.3.1\maven-war-plugin-3.3.1.jar;C:\Users\alex\.m2\repository\org\apache\maven\maven-plugin-api\3.0\maven-plugin-api-3.0.jar;C:\Users\alex\.m2\repository\org\apache\maven\maven-model\3.0\maven-model-3.0.jar;C:\Users\alex\.m2\repository\org\sonatype\sisu\sisu-inject-plexus\1.4.2\sisu-inject-plexus-1.4.2.jar;C:\Users\alex\.m2\repository\org\sonatype\sisu\sisu-inject-bean\1.4.2\sisu-inject-bean-1.4.2.jar;C:\Users\alex\.m2\repository\org\sonatype\sisu\sisu-guice\2.1.7\sisu-guice-2.1.7-noaop.jar;C:\Users\alex\.m2\repository\org\apache\maven\maven-core\3.0\maven-core-3.0.jar;C:\Users\alex\.m2\repository\org\apache\maven\maven-settings\3.0\maven-settings-3.0.jar;C:\Users\alex\.m2\repository\org\apache\maven\maven-settings-builder\3.0\maven-settings-builder-3.0.jar;C:\Users\alex\.m2\repository\org\apache\maven\maven-repository-metadata\3.0\maven-repository-metadata-3.0.jar;C:\Users\alex\.m2\repository\org\apache\maven\maven-model-builder\3.0\maven-model-builder-3.0.jar;C:\Users\alex\.m2\repository\org\apache\maven\maven-aether-provider\3.0\maven-aether-provider-3.0.jar;C:\Users\alex\.m2\repository\org\sonatype\aether\aether-impl\1.7\aether-impl-1.7.jar;C:\Users\alex\.m2\repository\org\sonatype\aether\aether-spi\1.7\aether-spi-1.7.jar;C:\Users\alex\.m2\repository\org\sonatype\aether\aether-api\1.7\aether-api-1.7.jar;C:\Users\alex\.m2\repository\org\sonatype\aether\aether-util\1.7\aether-util-1.7.jar;C:\Users\alex\.m2\repository\org\codehaus\plexus\plexus-classworlds\2.2.3\plexus-classworlds-2.2.3.jar;C:\Users\alex\.m2\repository\org\codehaus\plexus\plexus-component-annotations\1.5.5\plexus-component-annotations-1.5.5.jar;C:\Users\alex\.m2\repository\org\sonatype\plexus\plexus-sec-dispatcher\1.3\plexus-sec-dispatcher-1.3.jar;C:\Users\alex\.m2\repository\org\sonatype\plexus\plexus-cipher\1.4\plexus-cipher-1.4.jar;C:\Users\alex\.m2\repository\org\apache\maven\maven-archiver\3.5.0\maven-archiver-3.5.0.jar;C:\Users\alex\.m2\repository\org\codehaus\plexus\plexus-archiver\4.2.2\plexus-archiver-4.2.2.jar;C:\Users\alex\.m2\repository\org\codehaus\plexus\plexus-io\3.2.0\plexus-io-3.2.0.jar;C:\Users\alex\.m2\repository\org\apache\commons\commons-compress\1.20\commons-compress-1.20.jar;C:\Users\alex\.m2\repository\org\iq80\snappy\snappy\0.4\snappy-0.4.jar;C:\Users\alex\.m2\repository\org\tukaani\xz\1.8\xz-1.8.jar;C:\Users\alex\.m2\repository\org\codehaus\plexus\plexus-interpolation\1.26\plexus-interpolation-1.26.jar;C:\Users\alex\.m2\repository\org\codehaus\plexus\plexus-utils\3.3.0\plexus-utils-3.3.0.jar;C:\Users\alex\.m2\repository\org\apache\maven\shared\maven-filtering\3.1.1\maven-filtering-3.1.1.jar;C:\Users\alex\.m2\repository\org\sonatype\plexus\plexus-build-api\0.0.7\plexus-build-api-0.0.7.jar;C:\Users\alex\.m2\repository\org\apache\maven\shared\maven-mapping\3.0.0\maven-mapping-3.0.0.jar;C:\Users\alex\.m2\repository\javax\servlet\javax.servlet-api\4.0.1\javax.servlet-api-4.0.1.jar;C:\Users\alex\.m2\repository\org\springframework\boot\spring-boot-starter-web\2.3.3.RELEASE\spring-boot-starter-web-2.3.3.RELEASE.jar;C:\Users\alex\.m2\repository\org\springframework\boot\spring-boot-starter\2.3.3.RELEASE\spring-boot-starter-2.3.3.RELEASE.jar;C:\Users\alex\.m2\repository\org\springframework\boot\spring-boot\2.3.3.RELEASE\spring-boot-2.3.3.RELEASE.jar;C:\Users\alex\.m2\repository\org\springframework\boot\spring-boot-autoconfigure\2.3.3.RELEASE\spring-boot-autoconfigure-2.3.3.RELEASE.jar;C:\Users\alex\.m2\repository\org\springframework\boot\spring-boot-starter-logging\2.3.3.RELEASE\spring-boot-starter-logging-2.3.3.RELEASE.jar;C:\Users\alex\.m2\repository\ch\qos\logback\logback-classic\1.2.3\logback-classic-1.2.3.jar;C:\Users\alex\.m2\repository\ch\qos\logback\logback-core\1.2.3\logback-core-1.2.3.jar;C:\Users\alex\.m2\repository\org\apache\logging\log4j\log4j-to-slf4j\2.13.3\log4j-to-slf4j-2.13.3.jar;C:\Users\alex\.m2\repository\org\apache\logging\log4j\log4j-api\2.13.3\log4j-api-2.13.3.jar;C:\Users\alex\.m2\repository\org\slf4j\jul-to-slf4j\1.7.30\jul-to-slf4j-1.7.30.jar;C:\Users\alex\.m2\repository\org\yaml\snakeyaml\1.26\snakeyaml-1.26.jar;C:\Users\alex\.m2\repository\org\springframework\boot\spring-boot-starter-json\2.3.3.RELEASE\spring-boot-starter-json-2.3.3.RELEASE.jar;C:\Users\alex\.m2\repository\com\fasterxml\jackson\datatype\jackson-datatype-jdk8\2.11.2\jackson-datatype-jdk8-2.11.2.jar;C:\Users\alex\.m2\repository\com\fasterxml\jackson\datatype\jackson-datatype-jsr310\2.11.2\jackson-datatype-jsr310-2.11.2.jar;C:\Users\alex\.m2\repository\com\fasterxml\jackson\module\jackson-module-parameter-names\2.11.2\jackson-module-parameter-names-2.11.2.jar;C:\Users\alex\.m2\repository\org\springframework\boot\spring-boot-starter-tomcat\2.3.3.RELEASE\spring-boot-starter-tomcat-2.3.3.RELEASE.jar;C:\Users\alex\.m2\repository\org\apache\tomcat\embed\tomcat-embed-core\9.0.37\tomcat-embed-core-9.0.37.jar;C:\Users\alex\.m2\repository\org\glassfish\jakarta.el\3.0.3\jakarta.el-3.0.3.jar;C:\Users\alex\.m2\repository\org\apache\tomcat\embed\tomcat-embed-websocket\9.0.37\tomcat-embed-websocket-9.0.37.jar;C:\Users\alex\.m2\repository\org\springframework\spring-web\5.2.8.RELEASE\spring-web-5.2.8.RELEASE.jar;C:\Users\alex\.m2\repository\org\springframework\boot\spring-boot-starter-jdbc\2.3.3.RELEASE\spring-boot-starter-jdbc-2.3.3.RELEASE.jar;C:\Users\alex\.m2\repository\org\springframework\spring-jdbc\5.2.8.RELEASE\spring-jdbc-5.2.8.RELEASE.jar;C:\Users\alex\.m2\repository\org\springframework\spring-context\5.2.8.RELEASE\spring-context-5.2.8.RELEASE.jar;C:\Users\alex\.m2\repository\org\springframework\spring-aop\5.2.8.RELEASE\spring-aop-5.2.8.RELEASE.jar;C:\Users\alex\.m2\repository\org\springframework\spring-beans\5.2.8.RELEASE\spring-beans-5.2.8.RELEASE.jar;C:\Users\alex\.m2\repository\org\springframework\spring-expression\5.2.8.RELEASE\spring-expression-5.2.8.RELEASE.jar;C:\Users\alex\.m2\repository\org\springframework\spring-tx\5.2.8.RELEASE\spring-tx-5.2.8.RELEASE.jar;C:\Users\alex\.m2\repository\org\springframework\spring-core\5.2.8.RELEASE\spring-core-5.2.8.RELEASE.jar;C:\Users\alex\.m2\repository\org\springframework\spring-jcl\5.2.8.RELEASE\spring-jcl-5.2.8.RELEASE.jar;C:\Users\alex\.m2\repository\org\springframework\spring-webmvc\5.2.8.RELEASE\spring-webmvc-5.2.8.RELEASE.jar;C:\Users\alex\.m2\repository\org\springframework\spring-orm\5.2.8.RELEASE\spring-orm-5.2.8.RELEASE.jar;C:\Users\alex\.m2\repository\com\zaxxer\HikariCP\3.4.5\HikariCP-3.4.5.jar;C:\Users\alex\.m2\repository\org\hibernate\hibernate-core\5.4.21.Final\hibernate-core-5.4.21.Final.jar;C:\Users\alex\.m2\repository\org\jboss\logging\jboss-logging\3.3.2.Final\jboss-logging-3.3.2.Final.jar;C:\Users\alex\.m2\repository\javax\persistence\javax.persistence-api\2.2\javax.persistence-api-2.2.jar;C:\Users\alex\.m2\repository\org\javassist\javassist\3.24.0-GA\javassist-3.24.0-GA.jar;C:\Users\alex\.m2\repository\net\bytebuddy\byte-buddy\1.10.10\byte-buddy-1.10.10.jar;C:\Users\alex\.m2\repository\antlr\antlr\2.7.7\antlr-2.7.7.jar;C:\Users\alex\.m2\repository\org\jboss\spec\javax\transaction\jboss-transaction-api_1.2_spec\1.1.1.Final\jboss-transaction-api_1.2_spec-1.1.1.Final.jar;C:\Users\alex\.m2\repository\org\jboss\jandex\2.1.3.Final\jandex-2.1.3.Final.jar;C:\Users\alex\.m2\repository\com\fasterxml\classmate\1.5.1\classmate-1.5.1.jar;C:\Users\alex\.m2\repository\javax\activation\javax.activation-api\1.2.0\javax.activation-api-1.2.0.jar;C:\Users\alex\.m2\repository\org\dom4j\dom4j\2.1.3\dom4j-2.1.3.jar;C:\Users\alex\.m2\repository\org\hibernate\common\hibernate-commons-annotations\5.1.0.Final\hibernate-commons-annotations-5.1.0.Final.jar;C:\Users\alex\.m2\repository\javax\xml\bind\jaxb-api\2.3.1\jaxb-api-2.3.1.jar;C:\Users\alex\.m2\repository\org\glassfish\jaxb\jaxb-runtime\2.3.1\jaxb-runtime-2.3.1.jar;C:\Users\alex\.m2\repository\org\glassfish\jaxb\txw2\2.3.1\txw2-2.3.1.jar;C:\Users\alex\.m2\repository\com\sun\istack\istack-commons-runtime\3.0.7\istack-commons-runtime-3.0.7.jar;C:\Users\alex\.m2\repository\org\jvnet\staxex\stax-ex\1.8\stax-ex-1.8.jar;C:\Users\alex\.m2\repository\com\sun\xml\fastinfoset\FastInfoset\1.2.15\FastInfoset-1.2.15.jar;C:\Users\alex\.m2\repository\org\hibernate\hibernate-entitymanager\5.4.21.Final\hibernate-entitymanager-5.4.21.Final.jar;C:\Users\alex\.m2\repository\org\postgresql\postgresql\42.2.16\postgresql-42.2.16.jar;C:\Users\alex\.m2\repository\org\checkerframework\checker-qual\3.5.0\checker-qual-3.5.0.jar;C:\Users\alex\.m2\repository\org\springframework\boot\spring-boot-starter-data-jpa\2.3.3.RELEASE\spring-boot-starter-data-jpa-2.3.3.RELEASE.jar;C:\Users\alex\.m2\repository\org\springframework\boot\spring-boot-starter-aop\2.3.3.RELEASE\spring-boot-starter-aop-2.3.3.RELEASE.jar;C:\Users\alex\.m2\repository\jakarta\transaction\jakarta.transaction-api\1.3.3\jakarta.transaction-api-1.3.3.jar;C:\Users\alex\.m2\repository\jakarta\persistence\jakarta.persistence-api\2.2.3\jakarta.persistence-api-2.2.3.jar;C:\Users\alex\.m2\repository\org\springframework\data\spring-data-jpa\2.3.3.RELEASE\spring-data-jpa-2.3.3.RELEASE.jar;C:\Users\alex\.m2\repository\org\springframework\data\spring-data-commons\2.3.3.RELEASE\spring-data-commons-2.3.3.RELEASE.jar;C:\Users\alex\.m2\repository\org\modelmapper\modelmapper\2.3.8\modelmapper-2.3.8.jar;C:\Users\alex\.m2\repository\com\github\xabgesagtx\telegram-spring-boot-starter\0.22\telegram-spring-boot-starter-0.22.jar;C:\Users\alex\.m2\repository\org\hibernate\validator\hibernate-validator\6.0.18.Final\hibernate-validator-6.0.18.Final.jar;C:\Users\alex\.m2\repository\javax\validation\validation-api\2.0.1.Final\validation-api-2.0.1.Final.jar;C:\Users\alex\.m2\repository\org\springframework\boot\spring-boot-starter-security\2.3.2.RELEASE\spring-boot-starter-security-2.3.2.RELEASE.jar;C:\Users\alex\.m2\repository\org\springframework\security\spring-security-config\5.3.3.RELEASE\spring-security-config-5.3.3.RELEASE.jar;C:\Users\alex\.m2\repository\org\springframework\security\spring-security-core\5.3.3.RELEASE\spring-security-core-5.3.3.RELEASE.jar;C:\Users\alex\.m2\repository\org\springframework\security\spring-security-web\5.3.3.RELEASE\spring-security-web-5.3.3.RELEASE.jar;C:\Users\alex\.m2\repository\io\jsonwebtoken\jjwt\0.9.1\jjwt-0.9.1.jar;C:\Users\alex\.m2\repository\org\apache\maven\plugins\maven-compiler-plugin\3.8.1\maven-compiler-plugin-3.8.1.jar;C:\Users\alex\.m2\repository\org\apache\maven\maven-artifact\3.0\maven-artifact-3.0.jar;C:\Users\alex\.m2\repository\org\apache\maven\shared\maven-shared-utils\3.2.1\maven-shared-utils-3.2.1.jar;C:\Users\alex\.m2\repository\org\apache\maven\shared\maven-shared-incremental\1.1\maven-shared-incremental-1.1.jar;C:\Users\alex\.m2\repository\org\codehaus\plexus\plexus-java\0.9.10\plexus-java-0.9.10.jar;C:\Users\alex\.m2\repository\org\ow2\asm\asm\6.2\asm-6.2.jar;C:\Users\alex\.m2\repository\com\thoughtworks\qdox\qdox\2.0-M8\qdox-2.0-M8.jar;C:\Users\alex\.m2\repository\org\codehaus\plexus\plexus-compiler-api\2.8.4\plexus-compiler-api-2.8.4.jar;C:\Users\alex\.m2\repository\org\codehaus\plexus\plexus-compiler-manager\2.8.4\plexus-compiler-manager-2.8.4.jar;C:\Users\alex\.m2\repository\org\codehaus\plexus\plexus-compiler-javac\2.8.4\plexus-compiler-javac-2.8.4.jar;C:\Users\alex\.m2\repository\junit\junit\4.13\junit-4.13.jar;C:\Users\alex\.m2\repository\org\hamcrest\hamcrest-core\1.3\hamcrest-core-1.3.jar;C:\Users\alex\.m2\repository\org\springframework\boot\spring-boot-starter-test\2.3.3.RELEASE\spring-boot-starter-test-2.3.3.RELEASE.jar;C:\Users\alex\.m2\repository\org\springframework\boot\spring-boot-test\2.3.3.RELEASE\spring-boot-test-2.3.3.RELEASE.jar;C:\Users\alex\.m2\repository\org\springframework\boot\spring-boot-test-autoconfigure\2.3.3.RELEASE\spring-boot-test-autoconfigure-2.3.3.RELEASE.jar;C:\Users\alex\.m2\repository\com\jayway\jsonpath\json-path\2.4.0\json-path-2.4.0.jar;C:\Users\alex\.m2\repository\net\minidev\json-smart\2.3\json-smart-2.3.jar;C:\Users\alex\.m2\repository\net\minidev\accessors-smart\1.2\accessors-smart-1.2.jar;C:\Users\alex\.m2\repository\jakarta\xml\bind\jakarta.xml.bind-api\2.3.3\jakarta.xml.bind-api-2.3.3.jar;C:\Users\alex\.m2\repository\org\assertj\assertj-core\3.16.1\assertj-core-3.16.1.jar;C:\Users\alex\.m2\repository\org\hamcrest\hamcrest\2.2\hamcrest-2.2.jar;C:\Users\alex\.m2\repository\org\junit\jupiter\junit-jupiter\5.6.2\junit-jupiter-5.6.2.jar;C:\Users\alex\.m2\repository\org\junit\jupiter\junit-jupiter-api\5.6.2\junit-jupiter-api-5.6.2.jar;C:\Users\alex\.m2\repository\org\opentest4j\opentest4j\1.2.0\opentest4j-1.2.0.jar;C:\Users\alex\.m2\repository\org\junit\platform\junit-platform-commons\1.6.2\junit-platform-commons-1.6.2.jar;C:\Users\alex\.m2\repository\org\junit\jupiter\junit-jupiter-params\5.6.2\junit-jupiter-params-5.6.2.jar;C:\Users\alex\.m2\repository\org\junit\jupiter\junit-jupiter-engine\5.6.2\junit-jupiter-engine-5.6.2.jar;C:\Users\alex\.m2\repository\org\junit\vintage\junit-vintage-engine\5.6.2\junit-vintage-engine-5.6.2.jar;C:\Users\alex\.m2\repository\org\apiguardian\apiguardian-api\1.1.0\apiguardian-api-1.1.0.jar;C:\Users\alex\.m2\repository\org\junit\platform\junit-platform-engine\1.6.2\junit-platform-engine-1.6.2.jar;C:\Users\alex\.m2\repository\org\mockito\mockito-core\3.3.3\mockito-core-3.3.3.jar;C:\Users\alex\.m2\repository\net\bytebuddy\byte-buddy-agent\1.10.5\byte-buddy-agent-1.10.5.jar;C:\Users\alex\.m2\repository\org\objenesis\objenesis\2.6\objenesis-2.6.jar;C:\Users\alex\.m2\repository\org\mockito\mockito-junit-jupiter\3.3.3\mockito-junit-jupiter-3.3.3.jar;C:\Users\alex\.m2\repository\org\skyscreamer\jsonassert\1.5.0\jsonassert-1.5.0.jar;C:\Users\alex\.m2\repository\org\springframework\spring-test\5.2.8.RELEASE\spring-test-5.2.8.RELEASE.jar;C:\Users\alex\.m2\repository\org\xmlunit\xmlunit-core\2.7.0\xmlunit-core-2.7.0.jar;C:\Users\alex\.m2\repository\com\h2database\h2\1.4.200\h2-1.4.200.jar;C:\Users\alex\.m2\repository\org\springframework\spring-aspects\5.2.8.RELEASE\spring-aspects-5.2.8.RELEASE.jar;C:\Users\alex\.m2\repository\org\aspectj\aspectjweaver\1.9.5\aspectjweaver-1.9.5.jar;C:\Users\alex\.m2\repository\mysql\mysql-connector-java\8.0.21\mysql-connector-java-8.0.21.jar;C:\Users\alex\.m2\repository\com\google\protobuf\protobuf-java\3.11.4\protobuf-java-3.11.4.jar;"/>
    <property name="java.vm.vendor" value="Oracle Corporation"/>
    <property name="sun.arch.data.model" value="64"/>
    <property name="user.variant" value=""/>
    <property name="java.vendor.url" value="https://java.oracle.com/"/>
    <property name="user.timezone" value="Europe/Moscow"/>
    <property name="os.name" value="Windows 10"/>
    <property name="java.vm.specification.version" value="16"/>
    <property name="sun.java.launcher" value="SUN_STANDARD"/>
    <property name="user.country" value="RU"/>
    <property name="sun.boot.library.path" value="c:\Program Files\Java\jdk-16\bin"/>
    <property name="sun.java.command" value="C:\Users\alex\AppData\Local\Temp\surefire17513058579060748964\surefirebooter5649363247153610743.jar C:\Users\alex\AppData\Local\Temp\surefire17513058579060748964 2020-09-07T23-00-36_208-jvmRun1 surefire15601934811181312205tmp surefire_013636473387158783371tmp"/>
    <property name="jdk.debug" value="release"/>
    <property name="surefire.test.class.path" value="C:\Users\alex\IdeaProjects\bot\target\test-classes;C:\Users\alex\IdeaProjects\bot\target\classes;C:\Users\alex\.m2\repository\org\telegram\telegrambots\4.9.1\telegrambots-4.9.1.jar;C:\Users\alex\.m2\repository\com\fasterxml\jackson\core\jackson-annotations\2.10.1\jackson-annotations-2.10.1.jar;C:\Users\alex\.m2\repository\com\fasterxml\jackson\jaxrs\jackson-jaxrs-json-provider\2.10.1\jackson-jaxrs-json-provider-2.10.1.jar;C:\Users\alex\.m2\repository\com\fasterxml\jackson\jaxrs\jackson-jaxrs-base\2.10.1\jackson-jaxrs-base-2.10.1.jar;C:\Users\alex\.m2\repository\com\fasterxml\jackson\module\jackson-module-jaxb-annotations\2.10.1\jackson-module-jaxb-annotations-2.10.1.jar;C:\Users\alex\.m2\repository\com\fasterxml\jackson\core\jackson-core\2.10.1\jackson-core-2.10.1.jar;C:\Users\alex\.m2\repository\jakarta\activation\jakarta.activation-api\1.2.1\jakarta.activation-api-1.2.1.jar;C:\Users\alex\.m2\repository\com\fasterxml\jackson\core\jackson-databind\2.10.1\jackson-databind-2.10.1.jar;C:\Users\alex\.m2\repository\org\glassfish\jersey\inject\jersey-hk2\2.29.1\jersey-hk2-2.29.1.jar;C:\Users\alex\.m2\repository\org\glassfish\jersey\core\jersey-common\2.29.1\jersey-common-2.29.1.jar;C:\Users\alex\.m2\repository\org\glassfish\hk2\osgi-resource-locator\1.0.3\osgi-resource-locator-1.0.3.jar;C:\Users\alex\.m2\repository\com\sun\activation\jakarta.activation\1.2.1\jakarta.activation-1.2.1.jar;C:\Users\alex\.m2\repository\org\glassfish\hk2\hk2-locator\2.6.1\hk2-locator-2.6.1.jar;C:\Users\alex\.m2\repository\org\glassfish\hk2\external\aopalliance-repackaged\2.6.1\aopalliance-repackaged-2.6.1.jar;C:\Users\alex\.m2\repository\org\glassfish\hk2\hk2-api\2.6.1\hk2-api-2.6.1.jar;C:\Users\alex\.m2\repository\org\glassfish\hk2\hk2-utils\2.6.1\hk2-utils-2.6.1.jar;C:\Users\alex\.m2\repository\org\glassfish\jersey\media\jersey-media-json-jackson\2.29.1\jersey-media-json-jackson-2.29.1.jar;C:\Users\alex\.m2\repository\org\glassfish\jersey\ext\jersey-entity-filtering\2.29.1\jersey-entity-filtering-2.29.1.jar;C:\Users\alex\.m2\repository\org\glassfish\jersey\containers\jersey-container-grizzly2-http\2.29.1\jersey-container-grizzly2-http-2.29.1.jar;C:\Users\alex\.m2\repository\org\glassfish\hk2\external\jakarta.inject\2.6.1\jakarta.inject-2.6.1.jar;C:\Users\alex\.m2\repository\org\glassfish\grizzly\grizzly-http-server\2.4.4\grizzly-http-server-2.4.4.jar;C:\Users\alex\.m2\repository\org\glassfish\grizzly\grizzly-http\2.4.4\grizzly-http-2.4.4.jar;C:\Users\alex\.m2\repository\org\glassfish\grizzly\grizzly-framework\2.4.4\grizzly-framework-2.4.4.jar;C:\Users\alex\.m2\repository\jakarta\ws\rs\jakarta.ws.rs-api\2.1.6\jakarta.ws.rs-api-2.1.6.jar;C:\Users\alex\.m2\repository\org\glassfish\jersey\core\jersey-server\2.29.1\jersey-server-2.29.1.jar;C:\Users\alex\.m2\repository\org\glassfish\jersey\core\jersey-client\2.29.1\jersey-client-2.29.1.jar;C:\Users\alex\.m2\repository\org\glassfish\jersey\media\jersey-media-jaxb\2.29.1\jersey-media-jaxb-2.29.1.jar;C:\Users\alex\.m2\repository\jakarta\annotation\jakarta.annotation-api\1.3.5\jakarta.annotation-api-1.3.5.jar;C:\Users\alex\.m2\repository\jakarta\validation\jakarta.validation-api\2.0.2\jakarta.validation-api-2.0.2.jar;C:\Users\alex\.m2\repository\org\json\json\20180813\json-20180813.jar;C:\Users\alex\.m2\repository\org\apache\httpcomponents\httpclient\4.5.10\httpclient-4.5.10.jar;C:\Users\alex\.m2\repository\org\apache\httpcomponents\httpcore\4.4.12\httpcore-4.4.12.jar;C:\Users\alex\.m2\repository\commons-logging\commons-logging\1.2\commons-logging-1.2.jar;C:\Users\alex\.m2\repository\commons-codec\commons-codec\1.11\commons-codec-1.11.jar;C:\Users\alex\.m2\repository\org\apache\httpcomponents\httpmime\4.5.10\httpmime-4.5.10.jar;C:\Users\alex\.m2\repository\commons-io\commons-io\2.6\commons-io-2.6.jar;C:\Users\alex\.m2\repository\org\slf4j\slf4j-api\1.7.29\slf4j-api-1.7.29.jar;C:\Users\alex\.m2\repository\org\telegram\telegrambots-meta\4.9.1\telegrambots-meta-4.9.1.jar;C:\Users\alex\.m2\repository\com\google\inject\guice\4.2.2\guice-4.2.2.jar;C:\Users\alex\.m2\repository\javax\inject\javax.inject\1\javax.inject-1.jar;C:\Users\alex\.m2\repository\aopalliance\aopalliance\1.0\aopalliance-1.0.jar;C:\Users\alex\.m2\repository\com\google\guava\guava\28.1-jre\guava-28.1-jre.jar;C:\Users\alex\.m2\repository\com\google\guava\failureaccess\1.0.1\failureaccess-1.0.1.jar;C:\Users\alex\.m2\repository\com\google\guava\listenablefuture\9999.0-empty-to-avoid-conflict-with-guava\listenablefuture-9999.0-empty-to-avoid-conflict-with-guava.jar;C:\Users\alex\.m2\repository\com\google\code\findbugs\jsr305\3.0.2\jsr305-3.0.2.jar;C:\Users\alex\.m2\repository\com\google\errorprone\error_prone_annotations\2.3.2\error_prone_annotations-2.3.2.jar;C:\Users\alex\.m2\repository\com\google\j2objc\j2objc-annotations\1.3\j2objc-annotations-1.3.jar;C:\Users\alex\.m2\repository\org\codehaus\mojo\animal-sniffer-annotations\1.18\animal-sniffer-annotations-1.18.jar;C:\Users\alex\.m2\repository\org\apache\maven\plugins\maven-war-plugin\3.3.1\maven-war-plugin-3.3.1.jar;C:\Users\alex\.m2\repository\org\apache\maven\maven-plugin-api\3.0\maven-plugin-api-3.0.jar;C:\Users\alex\.m2\repository\org\apache\maven\maven-model\3.0\maven-model-3.0.jar;C:\Users\alex\.m2\repository\org\sonatype\sisu\sisu-inject-plexus\1.4.2\sisu-inject-plexus-1.4.2.jar;C:\Users\alex\.m2\repository\org\sonatype\sisu\sisu-inject-bean\1.4.2\sisu-inject-bean-1.4.2.jar;C:\Users\alex\.m2\repository\org\sonatype\sisu\sisu-guice\2.1.7\sisu-guice-2.1.7-noaop.jar;C:\Users\alex\.m2\repository\org\apache\maven\maven-core\3.0\maven-core-3.0.jar;C:\Users\alex\.m2\repository\org\apache\maven\maven-settings\3.0\maven-settings-3.0.jar;C:\Users\alex\.m2\repository\org\apache\maven\maven-settings-builder\3.0\maven-settings-builder-3.0.jar;C:\Users\alex\.m2\repository\org\apache\maven\maven-repository-metadata\3.0\maven-repository-metadata-3.0.jar;C:\Users\alex\.m2\repository\org\apache\maven\maven-model-builder\3.0\maven-model-builder-3.0.jar;C:\Users\alex\.m2\repository\org\apache\maven\maven-aether-provider\3.0\maven-aether-provider-3.0.jar;C:\Users\alex\.m2\repository\org\sonatype\aether\aether-impl\1.7\aether-impl-1.7.jar;C:\Users\alex\.m2\repository\org\sonatype\aether\aether-spi\1.7\aether-spi-1.7.jar;C:\Users\alex\.m2\repository\org\sonatype\aether\aether-api\1.7\aether-api-1.7.jar;C:\Users\alex\.m2\repository\org\sonatype\aether\aether-util\1.7\aether-util-1.7.jar;C:\Users\alex\.m2\repository\org\codehaus\plexus\plexus-classworlds\2.2.3\plexus-classworlds-2.2.3.jar;C:\Users\alex\.m2\repository\org\codehaus\plexus\plexus-component-annotations\1.5.5\plexus-component-annotations-1.5.5.jar;C:\Users\alex\.m2\repository\org\sonatype\plexus\plexus-sec-dispatcher\1.3\plexus-sec-dispatcher-1.3.jar;C:\Users\alex\.m2\repository\org\sonatype\plexus\plexus-cipher\1.4\plexus-cipher-1.4.jar;C:\Users\alex\.m2\repository\org\apache\maven\maven-archiver\3.5.0\maven-archiver-3.5.0.jar;C:\Users\alex\.m2\repository\org\codehaus\plexus\plexus-archiver\4.2.2\plexus-archiver-4.2.2.jar;C:\Users\alex\.m2\repository\org\codehaus\plexus\plexus-io\3.2.0\plexus-io-3.2.0.jar;C:\Users\alex\.m2\repository\org\apache\commons\commons-compress\1.20\commons-compress-1.20.jar;C:\Users\alex\.m2\repository\org\iq80\snappy\snappy\0.4\snappy-0.4.jar;C:\Users\alex\.m2\repository\org\tukaani\xz\1.8\xz-1.8.jar;C:\Users\alex\.m2\repository\org\codehaus\plexus\plexus-interpolation\1.26\plexus-interpolation-1.26.jar;C:\Users\alex\.m2\repository\org\codehaus\plexus\plexus-utils\3.3.0\plexus-utils-3.3.0.jar;C:\Users\alex\.m2\repository\org\apache\maven\shared\maven-filtering\3.1.1\maven-filtering-3.1.1.jar;C:\Users\alex\.m2\repository\org\sonatype\plexus\plexus-build-api\0.0.7\plexus-build-api-0.0.7.jar;C:\Users\alex\.m2\repository\org\apache\maven\shared\maven-mapping\3.0.0\maven-mapping-3.0.0.jar;C:\Users\alex\.m2\repository\javax\servlet\javax.servlet-api\4.0.1\javax.servlet-api-4.0.1.jar;C:\Users\alex\.m2\repository\org\springframework\boot\spring-boot-starter-web\2.3.3.RELEASE\spring-boot-starter-web-2.3.3.RELEASE.jar;C:\Users\alex\.m2\repository\org\springframework\boot\spring-boot-starter\2.3.3.RELEASE\spring-boot-starter-2.3.3.RELEASE.jar;C:\Users\alex\.m2\repository\org\springframework\boot\spring-boot\2.3.3.RELEASE\spring-boot-2.3.3.RELEASE.jar;C:\Users\alex\.m2\repository\org\springframework\boot\spring-boot-autoconfigure\2.3.3.RELEASE\spring-boot-autoconfigure-2.3.3.RELEASE.jar;C:\Users\alex\.m2\repository\org\springframework\boot\spring-boot-starter-logging\2.3.3.RELEASE\spring-boot-starter-logging-2.3.3.RELEASE.jar;C:\Users\alex\.m2\repository\ch\qos\logback\logback-classic\1.2.3\logback-classic-1.2.3.jar;C:\Users\alex\.m2\repository\ch\qos\logback\logback-core\1.2.3\logback-core-1.2.3.jar;C:\Users\alex\.m2\repository\org\apache\logging\log4j\log4j-to-slf4j\2.13.3\log4j-to-slf4j-2.13.3.jar;C:\Users\alex\.m2\repository\org\apache\logging\log4j\log4j-api\2.13.3\log4j-api-2.13.3.jar;C:\Users\alex\.m2\repository\org\slf4j\jul-to-slf4j\1.7.30\jul-to-slf4j-1.7.30.jar;C:\Users\alex\.m2\repository\org\yaml\snakeyaml\1.26\snakeyaml-1.26.jar;C:\Users\alex\.m2\repository\org\springframework\boot\spring-boot-starter-json\2.3.3.RELEASE\spring-boot-starter-json-2.3.3.RELEASE.jar;C:\Users\alex\.m2\repository\com\fasterxml\jackson\datatype\jackson-datatype-jdk8\2.11.2\jackson-datatype-jdk8-2.11.2.jar;C:\Users\alex\.m2\repository\com\fasterxml\jackson\datatype\jackson-datatype-jsr310\2.11.2\jackson-datatype-jsr310-2.11.2.jar;C:\Users\alex\.m2\repository\com\fasterxml\jackson\module\jackson-module-parameter-names\2.11.2\jackson-module-parameter-names-2.11.2.jar;C:\Users\alex\.m2\repository\org\springframework\boot\spring-boot-starter-tomcat\2.3.3.RELEASE\spring-boot-starter-tomcat-2.3.3.RELEASE.jar;C:\Users\alex\.m2\repository\org\apache\tomcat\embed\tomcat-embed-core\9.0.37\tomcat-embed-core-9.0.37.jar;C:\Users\alex\.m2\repository\org\glassfish\jakarta.el\3.0.3\jakarta.el-3.0.3.jar;C:\Users\alex\.m2\repository\org\apache\tomcat\embed\tomcat-embed-websocket\9.0.37\tomcat-embed-websocket-9.0.37.jar;C:\Users\alex\.m2\repository\org\springframework\spring-web\5.2.8.RELEASE\spring-web-5.2.8.RELEASE.jar;C:\Users\alex\.m2\repository\org\springframework\boot\spring-boot-starter-jdbc\2.3.3.RELEASE\spring-boot-starter-jdbc-2.3.3.RELEASE.jar;C:\Users\alex\.m2\repository\org\springframework\spring-jdbc\5.2.8.RELEASE\spring-jdbc-5.2.8.RELEASE.jar;C:\Users\alex\.m2\repository\org\springframework\spring-context\5.2.8.RELEASE\spring-context-5.2.8.RELEASE.jar;C:\Users\alex\.m2\repository\org\springframework\spring-aop\5.2.8.RELEASE\spring-aop-5.2.8.RELEASE.jar;C:\Users\alex\.m2\repository\org\springframework\spring-beans\5.2.8.RELEASE\spring-beans-5.2.8.RELEASE.jar;C:\Users\alex\.m2\repository\org\springframework\spring-expression\5.2.8.RELEASE\spring-expression-5.2.8.RELEASE.jar;C:\Users\alex\.m2\repository\org\springframework\spring-tx\5.2.8.RELEASE\spring-tx-5.2.8.RELEASE.jar;C:\Users\alex\.m2\repository\org\springframework\spring-core\5.2.8.RELEASE\spring-core-5.2.8.RELEASE.jar;C:\Users\alex\.m2\repository\org\springframework\spring-jcl\5.2.8.RELEASE\spring-jcl-5.2.8.RELEASE.jar;C:\Users\alex\.m2\repository\org\springframework\spring-webmvc\5.2.8.RELEASE\spring-webmvc-5.2.8.RELEASE.jar;C:\Users\alex\.m2\repository\org\springframework\spring-orm\5.2.8.RELEASE\spring-orm-5.2.8.RELEASE.jar;C:\Users\alex\.m2\repository\com\zaxxer\HikariCP\3.4.5\HikariCP-3.4.5.jar;C:\Users\alex\.m2\repository\org\hibernate\hibernate-core\5.4.21.Final\hibernate-core-5.4.21.Final.jar;C:\Users\alex\.m2\repository\org\jboss\logging\jboss-logging\3.3.2.Final\jboss-logging-3.3.2.Final.jar;C:\Users\alex\.m2\repository\javax\persistence\javax.persistence-api\2.2\javax.persistence-api-2.2.jar;C:\Users\alex\.m2\repository\org\javassist\javassist\3.24.0-GA\javassist-3.24.0-GA.jar;C:\Users\alex\.m2\repository\net\bytebuddy\byte-buddy\1.10.10\byte-buddy-1.10.10.jar;C:\Users\alex\.m2\repository\antlr\antlr\2.7.7\antlr-2.7.7.jar;C:\Users\alex\.m2\repository\org\jboss\spec\javax\transaction\jboss-transaction-api_1.2_spec\1.1.1.Final\jboss-transaction-api_1.2_spec-1.1.1.Final.jar;C:\Users\alex\.m2\repository\org\jboss\jandex\2.1.3.Final\jandex-2.1.3.Final.jar;C:\Users\alex\.m2\repository\com\fasterxml\classmate\1.5.1\classmate-1.5.1.jar;C:\Users\alex\.m2\repository\javax\activation\javax.activation-api\1.2.0\javax.activation-api-1.2.0.jar;C:\Users\alex\.m2\repository\org\dom4j\dom4j\2.1.3\dom4j-2.1.3.jar;C:\Users\alex\.m2\repository\org\hibernate\common\hibernate-commons-annotations\5.1.0.Final\hibernate-commons-annotations-5.1.0.Final.jar;C:\Users\alex\.m2\repository\javax\xml\bind\jaxb-api\2.3.1\jaxb-api-2.3.1.jar;C:\Users\alex\.m2\repository\org\glassfish\jaxb\jaxb-runtime\2.3.1\jaxb-runtime-2.3.1.jar;C:\Users\alex\.m2\repository\org\glassfish\jaxb\txw2\2.3.1\txw2-2.3.1.jar;C:\Users\alex\.m2\repository\com\sun\istack\istack-commons-runtime\3.0.7\istack-commons-runtime-3.0.7.jar;C:\Users\alex\.m2\repository\org\jvnet\staxex\stax-ex\1.8\stax-ex-1.8.jar;C:\Users\alex\.m2\repository\com\sun\xml\fastinfoset\FastInfoset\1.2.15\FastInfoset-1.2.15.jar;C:\Users\alex\.m2\repository\org\hibernate\hibernate-entitymanager\5.4.21.Final\hibernate-entitymanager-5.4.21.Final.jar;C:\Users\alex\.m2\repository\org\postgresql\postgresql\42.2.16\postgresql-42.2.16.jar;C:\Users\alex\.m2\repository\org\checkerframework\checker-qual\3.5.0\checker-qual-3.5.0.jar;C:\Users\alex\.m2\repository\org\springframework\boot\spring-boot-starter-data-jpa\2.3.3.RELEASE\spring-boot-starter-data-jpa-2.3.3.RELEASE.jar;C:\Users\alex\.m2\repository\org\springframework\boot\spring-boot-starter-aop\2.3.3.RELEASE\spring-boot-starter-aop-2.3.3.RELEASE.jar;C:\Users\alex\.m2\repository\jakarta\transaction\jakarta.transaction-api\1.3.3\jakarta.transaction-api-1.3.3.jar;C:\Users\alex\.m2\repository\jakarta\persistence\jakarta.persistence-api\2.2.3\jakarta.persistence-api-2.2.3.jar;C:\Users\alex\.m2\repository\org\springframework\data\spring-data-jpa\2.3.3.RELEASE\spring-data-jpa-2.3.3.RELEASE.jar;C:\Users\alex\.m2\repository\org\springframework\data\spring-data-commons\2.3.3.RELEASE\spring-data-commons-2.3.3.RELEASE.jar;C:\Users\alex\.m2\repository\org\modelmapper\modelmapper\2.3.8\modelmapper-2.3.8.jar;C:\Users\alex\.m2\repository\com\github\xabgesagtx\telegram-spring-boot-starter\0.22\telegram-spring-boot-starter-0.22.jar;C:\Users\alex\.m2\repository\org\hibernate\validator\hibernate-validator\6.0.18.Final\hibernate-validator-6.0.18.Final.jar;C:\Users\alex\.m2\repository\javax\validation\validation-api\2.0.1.Final\validation-api-2.0.1.Final.jar;C:\Users\alex\.m2\repository\org\springframework\boot\spring-boot-starter-security\2.3.2.RELEASE\spring-boot-starter-security-2.3.2.RELEASE.jar;C:\Users\alex\.m2\repository\org\springframework\security\spring-security-config\5.3.3.RELEASE\spring-security-config-5.3.3.RELEASE.jar;C:\Users\alex\.m2\repository\org\springframework\security\spring-security-core\5.3.3.RELEASE\spring-security-core-5.3.3.RELEASE.jar;C:\Users\alex\.m2\repository\org\springframework\security\spring-security-web\5.3.3.RELEASE\spring-security-web-5.3.3.RELEASE.jar;C:\Users\alex\.m2\repository\io\jsonwebtoken\jjwt\0.9.1\jjwt-0.9.1.jar;C:\Users\alex\.m2\repository\org\apache\maven\plugins\maven-compiler-plugin\3.8.1\maven-compiler-plugin-3.8.1.jar;C:\Users\alex\.m2\repository\org\apache\maven\maven-artifact\3.0\maven-artifact-3.0.jar;C:\Users\alex\.m2\repository\org\apache\maven\shared\maven-shared-utils\3.2.1\maven-shared-utils-3.2.1.jar;C:\Users\alex\.m2\repository\org\apache\maven\shared\maven-shared-incremental\1.1\maven-shared-incremental-1.1.jar;C:\Users\alex\.m2\repository\org\codehaus\plexus\plexus-java\0.9.10\plexus-java-0.9.10.jar;C:\Users\alex\.m2\repository\org\ow2\asm\asm\6.2\asm-6.2.jar;C:\Users\alex\.m2\repository\com\thoughtworks\qdox\qdox\2.0-M8\qdox-2.0-M8.jar;C:\Users\alex\.m2\repository\org\codehaus\plexus\plexus-compiler-api\2.8.4\plexus-compiler-api-2.8.4.jar;C:\Users\alex\.m2\repository\org\codehaus\plexus\plexus-compiler-manager\2.8.4\plexus-compiler-manager-2.8.4.jar;C:\Users\alex\.m2\repository\org\codehaus\plexus\plexus-compiler-javac\2.8.4\plexus-compiler-javac-2.8.4.jar;C:\Users\alex\.m2\repository\junit\junit\4.13\junit-4.13.jar;C:\Users\alex\.m2\repository\org\hamcrest\hamcrest-core\1.3\hamcrest-core-1.3.jar;C:\Users\alex\.m2\repository\org\springframework\boot\spring-boot-starter-test\2.3.3.RELEASE\spring-boot-starter-test-2.3.3.RELEASE.jar;C:\Users\alex\.m2\repository\org\springframework\boot\spring-boot-test\2.3.3.RELEASE\spring-boot-test-2.3.3.RELEASE.jar;C:\Users\alex\.m2\repository\org\springframework\boot\spring-boot-test-autoconfigure\2.3.3.RELEASE\spring-boot-test-autoconfigure-2.3.3.RELEASE.jar;C:\Users\alex\.m2\repository\com\jayway\jsonpath\json-path\2.4.0\json-path-2.4.0.jar;C:\Users\alex\.m2\repository\net\minidev\json-smart\2.3\json-smart-2.3.jar;C:\Users\alex\.m2\repository\net\minidev\accessors-smart\1.2\accessors-smart-1.2.jar;C:\Users\alex\.m2\repository\jakarta\xml\bind\jakarta.xml.bind-api\2.3.3\jakarta.xml.bind-api-2.3.3.jar;C:\Users\alex\.m2\repository\org\assertj\assertj-core\3.16.1\assertj-core-3.16.1.jar;C:\Users\alex\.m2\repository\org\hamcrest\hamcrest\2.2\hamcrest-2.2.jar;C:\Users\alex\.m2\repository\org\junit\jupiter\junit-jupiter\5.6.2\junit-jupiter-5.6.2.jar;C:\Users\alex\.m2\repository\org\junit\jupiter\junit-jupiter-api\5.6.2\junit-jupiter-api-5.6.2.jar;C:\Users\alex\.m2\repository\org\opentest4j\opentest4j\1.2.0\opentest4j-1.2.0.jar;C:\Users\alex\.m2\repository\org\junit\platform\junit-platform-commons\1.6.2\junit-platform-commons-1.6.2.jar;C:\Users\alex\.m2\repository\org\junit\jupiter\junit-jupiter-params\5.6.2\junit-jupiter-params-5.6.2.jar;C:\Users\alex\.m2\repository\org\junit\jupiter\junit-jupiter-engine\5.6.2\junit-jupiter-engine-5.6.2.jar;C:\Users\alex\.m2\repository\org\junit\vintage\junit-vintage-engine\5.6.2\junit-vintage-engine-5.6.2.jar;C:\Users\alex\.m2\repository\org\apiguardian\apiguardian-api\1.1.0\apiguardian-api-1.1.0.jar;C:\Users\alex\.m2\repository\org\junit\platform\junit-platform-engine\1.6.2\junit-platform-engine-1.6.2.jar;C:\Users\alex\.m2\repository\org\mockito\mockito-core\3.3.3\mockito-core-3.3.3.jar;C:\Users\alex\.m2\repository\net\bytebuddy\byte-buddy-agent\1.10.5\byte-buddy-agent-1.10.5.jar;C:\Users\alex\.m2\repository\org\objenesis\objenesis\2.6\objenesis-2.6.jar;C:\Users\alex\.m2\repository\org\mockito\mockito-junit-jupiter\3.3.3\mockito-junit-jupiter-3.3.3.jar;C:\Users\alex\.m2\repository\org\skyscreamer\jsonassert\1.5.0\jsonassert-1.5.0.jar;C:\Users\alex\.m2\repository\org\springframework\spring-test\5.2.8.RELEASE\spring-test-5.2.8.RELEASE.jar;C:\Users\alex\.m2\repository\org\xmlunit\xmlunit-core\2.7.0\xmlunit-core-2.7.0.jar;C:\Users\alex\.m2\repository\com\h2database\h2\1.4.200\h2-1.4.200.jar;C:\Users\alex\.m2\repository\org\springframework\spring-aspects\5.2.8.RELEASE\spring-aspects-5.2.8.RELEASE.jar;C:\Users\alex\.m2\repository\org\aspectj\aspectjweaver\1.9.5\aspectjweaver-1.9.5.jar;C:\Users\alex\.m2\repository\mysql\mysql-connector-java\8.0.21\mysql-connector-java-8.0.21.jar;C:\Users\alex\.m2\repository\com\google\protobuf\protobuf-java\3.11.4\protobuf-java-3.11.4.jar;"/>
    <property name="sun.cpu.endian" value="little"/>
    <property name="user.home" value="C:\Users\alex"/>
    <property name="user.language" value="ru"/>
    <property name="java.specification.vendor" value="Oracle Corporation"/>
    <property name="java.version.date" value="2021-03-16"/>
    <property name="java.home" value="c:\Program Files\Java\jdk-16"/>
    <property name="file.separator" value="\"/>
    <property name="basedir" value="C:\Users\alex\IdeaProjects\bot"/>
    <property name="java.vm.compressedOopsMode" value="32-bit"/>
    <property name="line.separator" value="&#10;"/>
    <property name="java.vm.specification.vendor" value="Oracle Corporation"/>
    <property name="java.specification.name" value="Java Platform API Specification"/>
    <property name="surefire.real.class.path" value="C:\Users\alex\AppData\Local\Temp\surefire17513058579060748964\surefirebooter5649363247153610743.jar"/>
    <property name="user.script" value=""/>
    <property name="sun.management.compiler" value="HotSpot 64-Bit Tiered Compilers"/>
    <property name="java.runtime.version" value="16-ea+14-589"/>
    <property name="user.name" value="alex"/>
    <property name="path.separator" value=";"/>
    <property name="os.version" value="10.0"/>
    <property name="java.runtime.name" value="OpenJDK Runtime Environment"/>
    <property name="file.encoding" value="Cp1251"/>
    <property name="java.vm.name" value="OpenJDK 64-Bit Server VM"/>
    <property name="localRepository" value="C:\Users\alex\.m2\repository"/>
    <property name="java.vendor.url.bug" value="https://bugreport.java.com/bugreport/"/>
    <property name="java.io.tmpdir" value="C:\Users\alex\AppData\Local\Temp\"/>
    <property name="java.version" value="16-ea"/>
    <property name="user.dir" value="C:\Users\alex\IdeaProjects\bot"/>
    <property name="os.arch" value="amd64"/>
    <property name="java.vm.specification.name" value="Java Virtual Machine Specification"/>
    <property name="sun.os.patch.level" value=""/>
    <property name="java.library.path" value="c:\Program Files\Java\jdk-16\bin;C:\Windows\Sun\Java\bin;C:\Windows\system32;C:\Windows;C:\Windows\system32;C:\Windows;C:\Windows\System32\Wbem;C:\Windows\System32\WindowsPowerShell\v1.0\;C:\Program Files\nodejs\;C:\Program Files\Git\cmd;c:\Program Files\Java\jdk-16\bin;c:\apache-maven-3.6.3\bin;C:\Users\alex\AppData\Roaming\npm;."/>
    <property name="java.vm.info" value="mixed mode, sharing"/>
    <property name="java.vendor" value="Oracle Corporation"/>
    <property name="java.vm.version" value="16-ea+14-589"/>
    <property name="sun.io.unicode.encoding" value="UnicodeLittle"/>
    <property name="java.class.version" value="60.0"/>
  </properties>
  <testcase name="testAdd" classname="com.raby.citybot.controller.CityInfoControllerTest" time="1.522">
    <system-out><![CDATA[23:00:41.696 [main] DEBUG org.springframework.test.context.junit4.SpringJUnit4ClassRunner - SpringJUnit4ClassRunner constructor called with [class com.raby.citybot.repository.repository.CityRepositoryTest]
23:00:41.712 [main] DEBUG org.springframework.test.context.BootstrapUtils - Instantiating CacheAwareContextLoaderDelegate from class [org.springframework.test.context.cache.DefaultCacheAwareContextLoaderDelegate]
23:00:41.728 [main] DEBUG org.springframework.test.context.BootstrapUtils - Instantiating BootstrapContext using constructor [public org.springframework.test.context.support.DefaultBootstrapContext(java.lang.Class,org.springframework.test.context.CacheAwareContextLoaderDelegate)]
23:00:41.774 [main] DEBUG org.springframework.test.context.BootstrapUtils - Instantiating TestContextBootstrapper for test class [com.raby.citybot.repository.repository.CityRepositoryTest] from class [org.springframework.test.context.support.DefaultTestContextBootstrapper]
23:00:41.821 [main] DEBUG org.springframework.test.context.support.DefaultTestContextBootstrapper - Found explicit ContextLoader class [org.springframework.test.context.support.AnnotationConfigContextLoader] for context configuration attributes [ContextConfigurationAttributes@7d0b7e3c declaringClass = 'com.raby.citybot.repository.repository.CityRepositoryTest', classes = '{class com.raby.citybot.repository.configuration.RepositoryConfig}', locations = '{}', inheritLocations = true, initializers = '{}', inheritInitializers = true, name = [null], contextLoaderClass = 'org.springframework.test.context.support.AnnotationConfigContextLoader']
23:00:41.931 [main] DEBUG org.springframework.test.context.support.ActiveProfilesUtils - Could not find an 'annotation declaring class' for annotation type [org.springframework.test.context.ActiveProfiles] and class [com.raby.citybot.repository.repository.CityRepositoryTest]
23:00:41.931 [main] DEBUG org.springframework.test.context.support.DefaultTestContextBootstrapper - @TestExecutionListeners is not present for class [com.raby.citybot.repository.repository.CityRepositoryTest]: using defaults.
23:00:41.931 [main] INFO org.springframework.test.context.support.DefaultTestContextBootstrapper - Loaded default TestExecutionListener class names from location [META-INF/spring.factories]: [org.springframework.boot.test.mock.mockito.MockitoTestExecutionListener, org.springframework.boot.test.mock.mockito.ResetMocksTestExecutionListener, org.springframework.boot.test.autoconfigure.restdocs.RestDocsTestExecutionListener, org.springframework.boot.test.autoconfigure.web.client.MockRestServiceServerResetTestExecutionListener, org.springframework.boot.test.autoconfigure.web.servlet.MockMvcPrintOnlyOnFailureTestExecutionListener, org.springframework.boot.test.autoconfigure.web.servlet.WebDriverTestExecutionListener, org.springframework.boot.test.autoconfigure.webservices.client.MockWebServiceServerTestExecutionListener, org.springframework.test.context.web.ServletTestExecutionListener, org.springframework.test.context.support.DirtiesContextBeforeModesTestExecutionListener, org.springframework.test.context.support.DependencyInjectionTestExecutionListener, org.springframework.test.context.support.DirtiesContextTestExecutionListener, org.springframework.test.context.transaction.TransactionalTestExecutionListener, org.springframework.test.context.jdbc.SqlScriptsTestExecutionListener, org.springframework.test.context.event.EventPublishingTestExecutionListener]
23:00:41.962 [main] INFO org.springframework.test.context.support.DefaultTestContextBootstrapper - Using TestExecutionListeners: [org.springframework.test.context.web.ServletTestExecutionListener@e3b3b2f, org.springframework.test.context.support.DirtiesContextBeforeModesTestExecutionListener@50f6ac94, org.springframework.boot.test.mock.mockito.MockitoTestExecutionListener@6cc4cdb9, org.springframework.test.context.support.DependencyInjectionTestExecutionListener@28194a50, org.springframework.test.context.support.DirtiesContextTestExecutionListener@7f2cfe3f, org.springframework.test.context.transaction.TransactionalTestExecutionListener@1a5b6f42, org.springframework.test.context.jdbc.SqlScriptsTestExecutionListener@5038d0b5, org.springframework.test.context.event.EventPublishingTestExecutionListener@32115b28, org.springframework.boot.test.mock.mockito.ResetMocksTestExecutionListener@2ad48653, org.springframework.boot.test.autoconfigure.restdocs.RestDocsTestExecutionListener@6bb4dd34, org.springframework.boot.test.autoconfigure.web.client.MockRestServiceServerResetTestExecutionListener@7d9f158f, org.springframework.boot.test.autoconfigure.web.servlet.MockMvcPrintOnlyOnFailureTestExecutionListener@45efd90f, org.springframework.boot.test.autoconfigure.web.servlet.WebDriverTestExecutionListener@4b8729ff, org.springframework.boot.test.autoconfigure.webservices.client.MockWebServiceServerTestExecutionListener@61710c6]
23:00:41.962 [main] DEBUG org.springframework.test.annotation.ProfileValueUtils - Retrieved @ProfileValueSourceConfiguration [null] for test class [com.raby.citybot.repository.repository.CityRepositoryTest]
23:00:41.962 [main] DEBUG org.springframework.test.annotation.ProfileValueUtils - Retrieved ProfileValueSource type [class org.springframework.test.annotation.SystemProfileValueSource] for class [com.raby.citybot.repository.repository.CityRepositoryTest]
23:00:41.962 [main] DEBUG org.springframework.test.annotation.ProfileValueUtils - Retrieved @ProfileValueSourceConfiguration [null] for test class [com.raby.citybot.repository.repository.CityRepositoryTest]
23:00:41.962 [main] DEBUG org.springframework.test.annotation.ProfileValueUtils - Retrieved ProfileValueSource type [class org.springframework.test.annotation.SystemProfileValueSource] for class [com.raby.citybot.repository.repository.CityRepositoryTest]
23:00:41.962 [main] DEBUG org.springframework.test.annotation.ProfileValueUtils - Retrieved @ProfileValueSourceConfiguration [null] for test class [com.raby.citybot.repository.repository.CityRepositoryTest]
23:00:41.962 [main] DEBUG org.springframework.test.annotation.ProfileValueUtils - Retrieved ProfileValueSource type [class org.springframework.test.annotation.SystemProfileValueSource] for class [com.raby.citybot.repository.repository.CityRepositoryTest]
23:00:41.993 [main] DEBUG org.springframework.test.context.junit4.SpringJUnit4ClassRunner - SpringJUnit4ClassRunner constructor called with [class com.raby.citybot.repository.repository.CityRepositoryTest]
23:00:41.993 [main] DEBUG org.springframework.test.context.BootstrapUtils - Instantiating CacheAwareContextLoaderDelegate from class [org.springframework.test.context.cache.DefaultCacheAwareContextLoaderDelegate]
23:00:41.993 [main] DEBUG org.springframework.test.context.BootstrapUtils - Instantiating BootstrapContext using constructor [public org.springframework.test.context.support.DefaultBootstrapContext(java.lang.Class,org.springframework.test.context.CacheAwareContextLoaderDelegate)]
23:00:41.993 [main] DEBUG org.springframework.test.context.BootstrapUtils - Instantiating TestContextBootstrapper for test class [com.raby.citybot.repository.repository.CityRepositoryTest] from class [org.springframework.test.context.support.DefaultTestContextBootstrapper]
23:00:42.009 [main] DEBUG org.springframework.test.context.support.DefaultTestContextBootstrapper - Found explicit ContextLoader class [org.springframework.test.context.support.AnnotationConfigContextLoader] for context configuration attributes [ContextConfigurationAttributes@33f676f6 declaringClass = 'com.raby.citybot.repository.repository.CityRepositoryTest', classes = '{class com.raby.citybot.repository.configuration.RepositoryConfig}', locations = '{}', inheritLocations = true, initializers = '{}', inheritInitializers = true, name = [null], contextLoaderClass = 'org.springframework.test.context.support.AnnotationConfigContextLoader']
23:00:42.009 [main] DEBUG org.springframework.test.context.support.ActiveProfilesUtils - Could not find an 'annotation declaring class' for annotation type [org.springframework.test.context.ActiveProfiles] and class [com.raby.citybot.repository.repository.CityRepositoryTest]
23:00:42.009 [main] DEBUG org.springframework.test.context.support.DefaultTestContextBootstrapper - @TestExecutionListeners is not present for class [com.raby.citybot.repository.repository.CityRepositoryTest]: using defaults.
23:00:42.009 [main] INFO org.springframework.test.context.support.DefaultTestContextBootstrapper - Loaded default TestExecutionListener class names from location [META-INF/spring.factories]: [org.springframework.boot.test.mock.mockito.MockitoTestExecutionListener, org.springframework.boot.test.mock.mockito.ResetMocksTestExecutionListener, org.springframework.boot.test.autoconfigure.restdocs.RestDocsTestExecutionListener, org.springframework.boot.test.autoconfigure.web.client.MockRestServiceServerResetTestExecutionListener, org.springframework.boot.test.autoconfigure.web.servlet.MockMvcPrintOnlyOnFailureTestExecutionListener, org.springframework.boot.test.autoconfigure.web.servlet.WebDriverTestExecutionListener, org.springframework.boot.test.autoconfigure.webservices.client.MockWebServiceServerTestExecutionListener, org.springframework.test.context.web.ServletTestExecutionListener, org.springframework.test.context.support.DirtiesContextBeforeModesTestExecutionListener, org.springframework.test.context.support.DependencyInjectionTestExecutionListener, org.springframework.test.context.support.DirtiesContextTestExecutionListener, org.springframework.test.context.transaction.TransactionalTestExecutionListener, org.springframework.test.context.jdbc.SqlScriptsTestExecutionListener, org.springframework.test.context.event.EventPublishingTestExecutionListener]
23:00:42.009 [main] INFO org.springframework.test.context.support.DefaultTestContextBootstrapper - Using TestExecutionListeners: [org.springframework.test.context.web.ServletTestExecutionListener@4c5ae43b, org.springframework.test.context.support.DirtiesContextBeforeModesTestExecutionListener@264f218, org.springframework.boot.test.mock.mockito.MockitoTestExecutionListener@3576ddc2, org.springframework.test.context.support.DependencyInjectionTestExecutionListener@35b74c5c, org.springframework.test.context.support.DirtiesContextTestExecutionListener@2e570ded, org.springframework.test.context.transaction.TransactionalTestExecutionListener@b86de0d, org.springframework.test.context.jdbc.SqlScriptsTestExecutionListener@81d9a72, org.springframework.test.context.event.EventPublishingTestExecutionListener@747f281, org.springframework.boot.test.mock.mockito.ResetMocksTestExecutionListener@1169afe1, org.springframework.boot.test.autoconfigure.restdocs.RestDocsTestExecutionListener@2ca26d77, org.springframework.boot.test.autoconfigure.web.client.MockRestServiceServerResetTestExecutionListener@4808bc9b, org.springframework.boot.test.autoconfigure.web.servlet.MockMvcPrintOnlyOnFailureTestExecutionListener@70e38ce1, org.springframework.boot.test.autoconfigure.web.servlet.WebDriverTestExecutionListener@2ca923bb, org.springframework.boot.test.autoconfigure.webservices.client.MockWebServiceServerTestExecutionListener@13df2a8c]
23:00:42.009 [main] DEBUG org.springframework.test.annotation.ProfileValueUtils - Retrieved @ProfileValueSourceConfiguration [null] for test class [com.raby.citybot.repository.repository.CityRepositoryTest]
23:00:42.009 [main] DEBUG org.springframework.test.annotation.ProfileValueUtils - Retrieved ProfileValueSource type [class org.springframework.test.annotation.SystemProfileValueSource] for class [com.raby.citybot.repository.repository.CityRepositoryTest]
23:00:42.009 [main] DEBUG org.springframework.test.annotation.ProfileValueUtils - Retrieved @ProfileValueSourceConfiguration [null] for test class [com.raby.citybot.repository.repository.CityRepositoryTest]
23:00:42.009 [main] DEBUG org.springframework.test.annotation.ProfileValueUtils - Retrieved ProfileValueSource type [class org.springframework.test.annotation.SystemProfileValueSource] for class [com.raby.citybot.repository.repository.CityRepositoryTest]
23:00:42.009 [main] DEBUG org.springframework.test.annotation.ProfileValueUtils - Retrieved @ProfileValueSourceConfiguration [null] for test class [com.raby.citybot.repository.repository.CityRepositoryTest]
23:00:42.009 [main] DEBUG org.springframework.test.annotation.ProfileValueUtils - Retrieved ProfileValueSource type [class org.springframework.test.annotation.SystemProfileValueSource] for class [com.raby.citybot.repository.repository.CityRepositoryTest]
[MockitoHint] CityInfoControllerTest.testAdd (see javadoc for MockitoHint):
[MockitoHint] 1. Unused -> at com.raby.citybot.controller.CityInfoControllerTest.testAdd(CityInfoControllerTest.java:43)

]]></system-out>
  </testcase>
  <testcase name="testAddNegative" classname="com.raby.citybot.controller.CityInfoControllerTest" time="0.016">
    <system-out><![CDATA[[MockitoHint] CityInfoControllerTest.testAddNegative (see javadoc for MockitoHint):
[MockitoHint] 1. Unused -> at com.raby.citybot.controller.CityInfoControllerTest.testAddNegative(CityInfoControllerTest.java:58)

]]></system-out>
  </testcase>
</testsuite>